<?xml version="1.0" encoding="UTF-8"?>
<!-- Generated by org.testng.reporters.JUnitReportReporter -->
<testsuite hostname="RPSPLDP1-60" failures="0" tests="2" name="TestPackages.StarDesign" time="0.007" errors="0" timestamp="18 Feb 2019 09:19:47 GMT" skipped="1">
  <testcase classname="TestPackages.StarDesign" name="diamond" time="0.007"/>
  <testcase classname="TestPackages.StarDesign" name="Ultimate">
    <skipped/>
  </testcase> <!-- Ultimate -->
</testsuite> <!-- TestPackages.StarDesign -->
