<?xml version="1.0" encoding="UTF-8"?>
<testng-results ignored="0" total="1" passed="1" failed="0" skipped="0">
  <reporter-output>
  </reporter-output>
  <suite started-at="2019-04-22T10:16:31Z" name="Default suite" finished-at="2019-04-22T10:16:53Z" duration-ms="21955">
    <groups>
    </groups>
    <test started-at="2019-04-22T10:16:31Z" name="Default test" finished-at="2019-04-22T10:16:53Z" duration-ms="21955">
      <class name="TestPackages.practice">
        <test-method signature="practiceTutorial()[pri:0, instance:TestPackages.practice@1ba9117e]" started-at="2019-04-22T10:16:31Z" name="practiceTutorial" finished-at="2019-04-22T10:16:53Z" duration-ms="21935" status="PASS">
          <reporter-output>
          </reporter-output>
        </test-method> <!-- practiceTutorial -->
      </class> <!-- TestPackages.practice -->
    </test> <!-- Default test -->
  </suite> <!-- Default suite -->
</testng-results>
