<?xml version="1.0" encoding="UTF-8"?>
<testng-results skipped="0" failed="0" ignored="0" total="1" passed="1">
  <reporter-output>
  </reporter-output>
  <suite name="Suite" duration-ms="154" started-at="2019-12-04T13:14:58Z" finished-at="2019-12-04T13:14:58Z">
    <groups>
    </groups>
    <test name="Default test" duration-ms="154" started-at="2019-12-04T13:14:58Z" finished-at="2019-12-04T13:14:58Z">
      <class name="TestPackages.Iterator">
        <test-method status="PASS" signature="IteratorExample()[pri:0, instance:TestPackages.Iterator@5f282abb]" name="IteratorExample" duration-ms="134" started-at="2019-12-04T13:14:58Z" finished-at="2019-12-04T13:14:58Z">
          <reporter-output>
          </reporter-output>
        </test-method> <!-- IteratorExample -->
      </class> <!-- TestPackages.Iterator -->
    </test> <!-- Default test -->
  </suite> <!-- Suite -->
</testng-results>
