<?xml version="1.0" encoding="UTF-8"?>
<testng-results skipped="0" failed="0" total="3" passed="3">
  <reporter-output>
  </reporter-output>
  <suite name="Suite" duration-ms="7190" started-at="2018-12-17T23:59:31Z" finished-at="2018-12-17T23:59:38Z">
    <groups>
    </groups>
    <test name="Test" duration-ms="7190" started-at="2018-12-17T23:59:31Z" finished-at="2018-12-17T23:59:38Z">
      <class name="mavenTest.FirstClass">
        <test-method status="PASS" signature="openBrowser()" name="openBrowser" duration-ms="7180" started-at="2018-12-17T23:59:31Z" finished-at="2018-12-17T23:59:38Z">
        </test-method>
        <test-method status="PASS" signature="closebrowser()" name="closebrowser" duration-ms="1" started-at="2018-12-17T23:59:38Z" finished-at="2018-12-17T23:59:38Z">
        </test-method>
      </class>
      <class name="mavenTest.seconds">
        <test-method status="PASS" signature="show()" name="show" duration-ms="2" started-at="2018-12-17T23:59:38Z" finished-at="2018-12-17T23:59:38Z">
        </test-method>
      </class>
    </test>
  </suite>
</testng-results>
