<?xml version="1.0" encoding="UTF-8"?>
<testsuite xmlns:xsi="http://www.w3.org/2001/XMLSchema-instance" xsi:schemaLocation="https://maven.apache.org/surefire/maven-surefire-plugin/xsd/surefire-test-report.xsd" name="TestSuite" time="13.011" tests="3" errors="0" skipped="0" failures="0">
  <properties>
[...]
</properties>
  <testcase name="show" classname="mavenTest.seconds" time="0.005"/>
  <testcase name="openBrowser" classname="mavenTest.FirstClass" time="12.612"/>
  <testcase name="closebrowser" classname="mavenTest.FirstClass" time="0"/>
</testsuite>