<?xml version="1.0" encoding="UTF-8"?>
<testng-results total="3" passed="3" failed="0" skipped="0">
  <reporter-output>
  </reporter-output>
  <suite started-at="2019-02-08T12:07:16Z" name="Suite" finished-at="2019-02-08T12:07:29Z" duration-ms="12628">
    <groups>
    </groups>
    <test started-at="2019-02-08T12:07:16Z" name="Test" finished-at="2019-02-08T12:07:29Z" duration-ms="12628">
      <class name="mavenTest.FirstClass">
        <test-method signature="openBrowser()[pri:0, instance:mavenTest.FirstClass@6ca8564a]" started-at="2019-02-08T17:37:16Z" name="openBrowser" finished-at="2019-02-08T17:37:29Z" duration-ms="12612" status="PASS">
          <reporter-output>
          </reporter-output>
        </test-method> <!-- openBrowser -->
        <test-method signature="closebrowser()[pri:0, instance:mavenTest.FirstClass@6ca8564a]" started-at="2019-02-08T17:37:29Z" name="closebrowser" finished-at="2019-02-08T17:37:29Z" duration-ms="1" status="PASS">
          <reporter-output>
          </reporter-output>
        </test-method> <!-- closebrowser -->
      </class> <!-- mavenTest.FirstClass -->
      <class name="mavenTest.seconds">
        <test-method signature="show()[pri:0, instance:mavenTest.seconds@2145b572]" started-at="2019-02-08T17:37:16Z" name="show" finished-at="2019-02-08T17:37:16Z" duration-ms="5" status="PASS">
          <reporter-output>
          </reporter-output>
        </test-method> <!-- show -->
      </class> <!-- mavenTest.seconds -->
    </test> <!-- Test -->
  </suite> <!-- Suite -->
</testng-results>
