<?xml version="1.0" encoding="UTF-8"?>
<testng-results ignored="0" total="2" passed="2" failed="0" skipped="0">
  <reporter-output>
  </reporter-output>
  <suite started-at="2019-02-08T12:04:41Z" name="Default suite" finished-at="2019-02-08T12:04:51Z" duration-ms="9462">
    <groups>
    </groups>
    <test started-at="2019-02-08T12:04:41Z" name="Default test" finished-at="2019-02-08T12:04:51Z" duration-ms="9462">
      <class name="mavenTest.FirstClass">
        <test-method signature="openBrowser()[pri:0, instance:mavenTest.FirstClass@7530ad9c]" started-at="2019-02-08T12:04:41Z" name="openBrowser" finished-at="2019-02-08T12:04:51Z" duration-ms="9439" status="PASS">
          <reporter-output>
          </reporter-output>
        </test-method> <!-- openBrowser -->
        <test-method signature="closebrowser()[pri:1, instance:mavenTest.FirstClass@7530ad9c]" started-at="2019-02-08T12:04:51Z" name="closebrowser" finished-at="2019-02-08T12:04:51Z" duration-ms="2" status="PASS">
          <reporter-output>
          </reporter-output>
        </test-method> <!-- closebrowser -->
      </class> <!-- mavenTest.FirstClass -->
    </test> <!-- Default test -->
  </suite> <!-- Default suite -->
</testng-results>
