<?xml version="1.0" encoding="UTF-8"?>
<testng-results skipped="0" failed="0" total="1" passed="1">
  <reporter-output>
  </reporter-output>
  <suite name="Default suite" duration-ms="45654" started-at="2018-12-17T20:11:17Z" finished-at="2018-12-17T20:12:03Z">
    <groups>
    </groups>
    <test name="Default test" duration-ms="45654" started-at="2018-12-17T20:11:17Z" finished-at="2018-12-17T20:12:03Z">
      <class name="mavenTest.FirstClass">
        <test-method status="PASS" signature="openBrowser()" name="openBrowser" duration-ms="45646" started-at="2018-12-17T20:11:17Z" finished-at="2018-12-17T20:12:03Z">
        </test-method>
      </class>
    </test>
  </suite>
</testng-results>
